2021-05-10 00:17:55  is when this event was logged.
2021-05-10 00:18:08  is when this event was logged.
2021-05-10 00:36:24  pickle loaded: C:\Users\milyu\miniconda3\lib\site-packages\jedi\third_party\typeshed\stdlib\2and3\builtins.pyi
2021-05-10 00:36:24  pickle loaded: C:\Users\milyu\miniconda3\lib\site-packages\jedi\third_party\typeshed\stdlib\3\sys.pyi
2021-05-10 00:36:24  diff parser start
2021-05-10 00:36:24  line_lengths old: 1; new: 1
2021-05-10 00:36:24  -> code[replace] old[1:1] new[1:1]
2021-05-10 00:36:24  parse_part from 1 to 1 (to 0 in part parser)
2021-05-10 00:36:24  diff parser end
2021-05-10 00:37:25  diff parser start
2021-05-10 00:37:25  line_lengths old: 1; new: 1
2021-05-10 00:37:25  -> code[replace] old[1:1] new[1:1]
2021-05-10 00:37:25  parse_part from 1 to 1 (to 0 in part parser)
2021-05-10 00:37:25  diff parser end
2021-05-10 00:37:25  pickle loaded: C:\Users\milyu\miniconda3\lib\typing.py
2021-05-10 00:37:25  pickle loaded: C:\Users\milyu\miniconda3\lib\site-packages\jedi\third_party\typeshed\stdlib\3\typing.pyi
2021-05-10 00:37:26  diff parser start
2021-05-10 00:37:26  line_lengths old: 1; new: 1
2021-05-10 00:37:26  -> code[replace] old[1:1] new[1:1]
2021-05-10 00:37:26  parse_part from 1 to 1 (to 0 in part parser)
2021-05-10 00:37:26  diff parser end
2021-05-10 00:37:27  diff parser start
2021-05-10 00:37:27  line_lengths old: 1; new: 2
2021-05-10 00:37:27  -> code[replace] old[1:1] new[1:2]
2021-05-10 00:37:27  parse_part from 1 to 2 (to 1 in part parser)
2021-05-10 00:37:27  diff parser end
2021-05-10 00:37:28  diff parser start
2021-05-10 00:37:28  line_lengths old: 2; new: 2
2021-05-10 00:37:28  -> code[equal] old[1:1] new[1:1]
2021-05-10 00:37:28  copy old[1:1] new[1:1]
2021-05-10 00:37:28  -> code[replace] old[2:2] new[2:2]
2021-05-10 00:37:28  parse_part from 2 to 2 (to 1 in part parser)
2021-05-10 00:37:28  diff parser end
2021-05-10 00:37:28  pickle loaded: C:\Users\milyu\miniconda3\lib\os.py
2021-05-10 00:37:28  pickle loaded: C:\Users\milyu\miniconda3\lib\site-packages\jedi\third_party\typeshed\stdlib\3\os\__init__.pyi
2021-05-10 00:37:28  diff parser start
2021-05-10 00:37:28  line_lengths old: 2; new: 2
2021-05-10 00:37:28  -> code[equal] old[1:1] new[1:1]
2021-05-10 00:37:28  copy old[1:1] new[1:1]
2021-05-10 00:37:28  -> code[replace] old[2:2] new[2:2]
2021-05-10 00:37:28  parse_part from 2 to 2 (to 1 in part parser)
2021-05-10 00:37:28  diff parser end
2021-05-10 00:37:28  diff parser start
2021-05-10 00:37:28  line_lengths old: 2; new: 2
2021-05-10 00:37:28  -> code[equal] old[1:1] new[1:1]
2021-05-10 00:37:28  copy old[1:1] new[1:1]
2021-05-10 00:37:28  -> code[replace] old[2:2] new[2:2]
2021-05-10 00:37:28  parse_part from 2 to 2 (to 1 in part parser)
2021-05-10 00:37:28  diff parser end
2021-05-10 00:37:29  diff parser start
2021-05-10 00:37:29  line_lengths old: 2; new: 2
2021-05-10 00:37:29  -> code[equal] old[1:1] new[1:1]
2021-05-10 00:37:29  copy old[1:1] new[1:1]
2021-05-10 00:37:29  -> code[replace] old[2:2] new[2:2]
2021-05-10 00:37:29  parse_part from 2 to 2 (to 1 in part parser)
2021-05-10 00:37:29  diff parser end
2021-05-10 00:37:29  diff parser start
2021-05-10 00:37:29  line_lengths old: 2; new: 2
2021-05-10 00:37:29  -> code[equal] old[1:1] new[1:1]
2021-05-10 00:37:29  copy old[1:1] new[1:1]
2021-05-10 00:37:29  -> code[replace] old[2:2] new[2:2]
2021-05-10 00:37:29  parse_part from 2 to 2 (to 1 in part parser)
2021-05-10 00:37:29  diff parser end
2021-05-10 00:37:29  diff parser start
2021-05-10 00:37:29  line_lengths old: 2; new: 2
2021-05-10 00:37:29  -> code[equal] old[1:1] new[1:1]
2021-05-10 00:37:29  copy old[1:1] new[1:1]
2021-05-10 00:37:29  -> code[replace] old[2:2] new[2:2]
2021-05-10 00:37:29  parse_part from 2 to 2 (to 1 in part parser)
2021-05-10 00:37:29  diff parser end
2021-05-10 00:37:36  diff parser start
2021-05-10 00:37:36  line_lengths old: 2; new: 2
2021-05-10 00:37:36  -> code[equal] old[1:1] new[1:1]
2021-05-10 00:37:36  copy old[1:1] new[1:1]
2021-05-10 00:37:36  -> code[replace] old[2:2] new[2:2]
2021-05-10 00:37:36  parse_part from 2 to 2 (to 1 in part parser)
2021-05-10 00:37:36  diff parser end
2021-05-10 00:37:36  diff parser start
2021-05-10 00:37:36  line_lengths old: 2; new: 2
2021-05-10 00:37:36  -> code[equal] old[1:1] new[1:1]
2021-05-10 00:37:36  copy old[1:1] new[1:1]
2021-05-10 00:37:36  -> code[replace] old[2:2] new[2:2]
2021-05-10 00:37:36  parse_part from 2 to 2 (to 1 in part parser)
2021-05-10 00:37:36  diff parser end
2021-05-10 00:37:42  diff parser start
2021-05-10 00:37:42  line_lengths old: 2; new: 2
2021-05-10 00:37:42  -> code[equal] old[1:1] new[1:1]
2021-05-10 00:37:42  copy old[1:1] new[1:1]
2021-05-10 00:37:42  -> code[replace] old[2:2] new[2:2]
2021-05-10 00:37:42  parse_part from 2 to 2 (to 1 in part parser)
2021-05-10 00:37:42  diff parser end
2021-05-10 00:37:42  diff parser start
2021-05-10 00:37:42  line_lengths old: 2; new: 2
2021-05-10 00:37:42  -> code[equal] old[1:1] new[1:1]
2021-05-10 00:37:42  copy old[1:1] new[1:1]
2021-05-10 00:37:42  -> code[replace] old[2:2] new[2:2]
2021-05-10 00:37:42  parse_part from 2 to 2 (to 1 in part parser)
2021-05-10 00:37:42  diff parser end
2021-05-10 00:37:52  diff parser start
2021-05-10 00:37:52  line_lengths old: 2; new: 1
2021-05-10 00:37:52  -> code[replace] old[1:2] new[1:1]
2021-05-10 00:37:52  parse_part from 1 to 1 (to 0 in part parser)
2021-05-10 00:37:52  diff parser end
2021-05-10 00:37:53  diff parser start
2021-05-10 00:37:53  line_lengths old: 1; new: 1
2021-05-10 00:37:53  -> code[replace] old[1:1] new[1:1]
2021-05-10 00:37:53  parse_part from 1 to 1 (to 0 in part parser)
2021-05-10 00:37:53  diff parser end
2021-05-10 00:37:53  diff parser start
2021-05-10 00:37:53  line_lengths old: 1; new: 1
2021-05-10 00:37:53  -> code[replace] old[1:1] new[1:1]
2021-05-10 00:37:53  parse_part from 1 to 1 (to 0 in part parser)
2021-05-10 00:37:53  diff parser end
2021-05-10 00:37:53  diff parser start
2021-05-10 00:37:53  line_lengths old: 1; new: 1
2021-05-10 00:37:53  -> code[replace] old[1:1] new[1:1]
2021-05-10 00:37:53  parse_part from 1 to 1 (to 0 in part parser)
2021-05-10 00:37:53  diff parser end
2021-05-10 00:38:02  diff parser start
2021-05-10 00:38:02  line_lengths old: 1; new: 1
2021-05-10 00:38:02  -> code[replace] old[1:1] new[1:1]
2021-05-10 00:38:02  parse_part from 1 to 1 (to 0 in part parser)
2021-05-10 00:38:02  diff parser end
2021-05-10 00:39:30  diff parser start
2021-05-10 00:39:30  line_lengths old: 1; new: 1
2021-05-10 00:39:30  -> code[replace] old[1:1] new[1:1]
2021-05-10 00:39:30  parse_part from 1 to 1 (to 0 in part parser)
2021-05-10 00:39:30  diff parser end
2021-05-10 00:45:25  is when this event was logged.
