2021-12-02 18:50:27 INFO Collected 50 identifiers in genre ACTION, rank 1-51
2021-12-02 18:50:29 INFO Collected 50 identifiers in genre ACTION, rank 51-101
2021-12-02 18:50:32 INFO Collected 50 identifiers in genre ACTION, rank 101-151
2021-12-02 18:50:34 INFO Collected 50 identifiers in genre ACTION, rank 151-201
2021-12-02 18:50:37 INFO Collected 50 identifiers in genre ACTION, rank 201-251
2021-12-02 18:50:39 INFO Collected 50 identifiers in genre ACTION, rank 251-301
2021-12-02 18:50:41 INFO Collected 50 identifiers in genre ACTION, rank 301-351
2021-12-02 18:50:45 INFO Collected 50 identifiers in genre ACTION, rank 351-401
2021-12-02 18:50:47 INFO Collected 50 identifiers in genre ACTION, rank 401-451
2021-12-02 18:50:50 INFO Collected 50 identifiers in genre ACTION, rank 451-501
2021-12-02 18:50:50 INFO Collected 500 identifiers in ACTION genre in total
2021-12-02 18:50:53 INFO Collected 50 identifiers in genre ADVENTURE, rank 1-51
2021-12-02 18:50:55 INFO Collected 50 identifiers in genre ADVENTURE, rank 51-101
2021-12-02 18:50:57 INFO Collected 50 identifiers in genre ADVENTURE, rank 101-151
2021-12-02 18:51:00 INFO Collected 50 identifiers in genre ADVENTURE, rank 151-201
2021-12-02 18:51:02 INFO Collected 50 identifiers in genre ADVENTURE, rank 201-251
2021-12-02 18:51:03 INFO Collected 250 identifiers in ADVENTURE genre in total
2021-12-02 18:51:05 INFO Collected 50 identifiers in genre ANIMATION, rank 1-51
2021-12-02 18:51:08 INFO Collected 50 identifiers in genre ANIMATION, rank 51-101
2021-12-02 18:51:09 INFO Collected 100 identifiers in ANIMATION genre in total
2021-12-02 18:51:11 INFO Collected 50 identifiers in genre BIOGRAPHY, rank 1-51
2021-12-02 18:51:13 INFO Collected 50 identifiers in genre BIOGRAPHY, rank 51-101
2021-12-02 18:51:13 INFO Collected 100 identifiers in BIOGRAPHY genre in total
2021-12-02 18:51:16 INFO Collected 50 identifiers in genre COMEDY, rank 1-51
2021-12-02 18:51:18 INFO Collected 50 identifiers in genre COMEDY, rank 51-101
2021-12-02 18:51:21 INFO Collected 50 identifiers in genre COMEDY, rank 101-151
2021-12-02 18:51:23 INFO Collected 50 identifiers in genre COMEDY, rank 151-201
2021-12-02 18:51:26 INFO Collected 50 identifiers in genre COMEDY, rank 201-251
2021-12-02 18:51:28 INFO Collected 50 identifiers in genre COMEDY, rank 251-301
2021-12-02 18:51:30 INFO Collected 50 identifiers in genre COMEDY, rank 301-351
2021-12-02 18:51:33 INFO Collected 50 identifiers in genre COMEDY, rank 351-401
2021-12-02 18:51:35 INFO Collected 50 identifiers in genre COMEDY, rank 401-451
2021-12-02 18:51:38 INFO Collected 50 identifiers in genre COMEDY, rank 451-501
2021-12-02 18:51:40 INFO Collected 50 identifiers in genre COMEDY, rank 501-551
2021-12-02 18:51:43 INFO Collected 50 identifiers in genre COMEDY, rank 551-601
2021-12-02 18:51:45 INFO Collected 50 identifiers in genre COMEDY, rank 601-651
2021-12-02 18:51:48 INFO Collected 50 identifiers in genre COMEDY, rank 651-701
2021-12-02 18:51:50 INFO Collected 50 identifiers in genre COMEDY, rank 701-751
2021-12-02 18:51:53 INFO Collected 50 identifiers in genre COMEDY, rank 751-801
2021-12-02 18:51:56 INFO Collected 50 identifiers in genre COMEDY, rank 801-851
2021-12-02 18:51:58 INFO Collected 50 identifiers in genre COMEDY, rank 851-901
2021-12-02 18:52:01 INFO Collected 50 identifiers in genre COMEDY, rank 901-951
2021-12-02 18:52:04 INFO Collected 50 identifiers in genre COMEDY, rank 951-1001
2021-12-02 18:52:05 INFO Collected 1000 identifiers in COMEDY genre in total
2021-12-02 18:52:07 INFO Collected 50 identifiers in genre CRIME, rank 1-51
2021-12-02 18:52:09 INFO Collected 50 identifiers in genre CRIME, rank 51-101
2021-12-02 18:52:11 INFO Collected 50 identifiers in genre CRIME, rank 101-151
2021-12-02 18:52:14 INFO Collected 50 identifiers in genre CRIME, rank 151-201
2021-12-02 18:52:17 INFO Collected 50 identifiers in genre CRIME, rank 201-251
2021-12-02 18:52:19 INFO Collected 50 identifiers in genre CRIME, rank 251-301
2021-12-02 18:52:22 INFO Collected 50 identifiers in genre CRIME, rank 301-351
2021-12-02 18:52:23 INFO Collected 350 identifiers in CRIME genre in total
2021-12-02 18:52:24 INFO Collected 50 identifiers in genre DRAMA, rank 1-51
2021-12-02 18:52:27 INFO Collected 50 identifiers in genre DRAMA, rank 51-101
2021-12-02 18:52:29 INFO Collected 50 identifiers in genre DRAMA, rank 101-151
2021-12-02 18:52:31 INFO Collected 50 identifiers in genre DRAMA, rank 151-201
2021-12-02 18:52:34 INFO Collected 50 identifiers in genre DRAMA, rank 201-251
2021-12-02 18:52:36 INFO Collected 50 identifiers in genre DRAMA, rank 251-301
2021-12-02 18:52:39 INFO Collected 50 identifiers in genre DRAMA, rank 301-351
2021-12-02 18:52:42 INFO Collected 50 identifiers in genre DRAMA, rank 351-401
2021-12-02 18:52:44 INFO Collected 50 identifiers in genre DRAMA, rank 401-451
2021-12-02 18:52:46 INFO Collected 50 identifiers in genre DRAMA, rank 451-501
2021-12-02 18:52:49 INFO Collected 50 identifiers in genre DRAMA, rank 501-551
2021-12-02 18:52:51 INFO Collected 50 identifiers in genre DRAMA, rank 551-601
2021-12-02 18:52:53 INFO Collected 50 identifiers in genre DRAMA, rank 601-651
2021-12-02 18:52:56 INFO Collected 50 identifiers in genre DRAMA, rank 651-701
2021-12-02 18:52:59 INFO Collected 50 identifiers in genre DRAMA, rank 701-751
2021-12-02 18:53:01 INFO Collected 50 identifiers in genre DRAMA, rank 751-801
2021-12-02 18:53:04 INFO Collected 50 identifiers in genre DRAMA, rank 801-851
2021-12-02 18:53:06 INFO Collected 50 identifiers in genre DRAMA, rank 851-901
2021-12-02 18:53:09 INFO Collected 50 identifiers in genre DRAMA, rank 901-951
2021-12-02 18:53:12 INFO Collected 50 identifiers in genre DRAMA, rank 951-1001
2021-12-02 18:53:14 INFO Collected 50 identifiers in genre DRAMA, rank 1001-1051
2021-12-02 18:53:16 INFO Collected 50 identifiers in genre DRAMA, rank 1051-1101
2021-12-02 18:53:18 INFO Collected 50 identifiers in genre DRAMA, rank 1101-1151
2021-12-02 18:53:21 INFO Collected 50 identifiers in genre DRAMA, rank 1151-1201
2021-12-02 18:53:23 INFO Collected 50 identifiers in genre DRAMA, rank 1201-1251
2021-12-02 18:53:26 INFO Collected 50 identifiers in genre DRAMA, rank 1251-1301
2021-12-02 18:53:28 INFO Collected 50 identifiers in genre DRAMA, rank 1301-1351
2021-12-02 18:53:30 INFO Collected 50 identifiers in genre DRAMA, rank 1351-1401
2021-12-02 18:53:33 INFO Collected 50 identifiers in genre DRAMA, rank 1401-1451
2021-12-02 18:53:36 INFO Collected 50 identifiers in genre DRAMA, rank 1451-1501
2021-12-02 18:53:39 INFO Collected 50 identifiers in genre DRAMA, rank 1501-1551
2021-12-02 18:53:41 INFO Collected 50 identifiers in genre DRAMA, rank 1551-1601
2021-12-02 18:53:44 INFO Collected 50 identifiers in genre DRAMA, rank 1601-1651
2021-12-02 18:53:47 INFO Collected 50 identifiers in genre DRAMA, rank 1651-1701
2021-12-02 18:53:49 INFO Collected 50 identifiers in genre DRAMA, rank 1701-1751
2021-12-02 18:53:52 INFO Collected 50 identifiers in genre DRAMA, rank 1751-1801
2021-12-02 18:53:54 INFO Collected 50 identifiers in genre DRAMA, rank 1801-1851
2021-12-02 18:53:57 INFO Collected 50 identifiers in genre DRAMA, rank 1851-1901
2021-12-02 18:54:00 INFO Collected 50 identifiers in genre DRAMA, rank 1901-1951
2021-12-02 18:54:03 INFO Collected 50 identifiers in genre DRAMA, rank 1951-2001
2021-12-02 18:54:05 INFO Collected 50 identifiers in genre DRAMA, rank 2001-2051
2021-12-02 18:54:08 INFO Collected 50 identifiers in genre DRAMA, rank 2051-2101
2021-12-02 18:54:08 INFO Collected 2100 identifiers in DRAMA genre in total
2021-12-02 18:54:11 INFO Collected 50 identifiers in genre FAMILY, rank 1-51
2021-12-02 18:54:13 INFO Collected 50 identifiers in genre FAMILY, rank 51-101
2021-12-02 18:54:15 INFO Collected 50 identifiers in genre FAMILY, rank 101-151
2021-12-02 18:54:18 INFO Collected 50 identifiers in genre FAMILY, rank 151-201
2021-12-02 18:54:19 INFO Collected 200 identifiers in FAMILY genre in total
2021-12-02 18:54:21 INFO Collected 50 identifiers in genre FANTASY, rank 1-51
2021-12-02 18:54:23 INFO Collected 50 identifiers in genre FANTASY, rank 51-101
2021-12-02 18:54:26 INFO Collected 50 identifiers in genre FANTASY, rank 101-151
2021-12-02 18:54:28 INFO Collected 50 identifiers in genre FANTASY, rank 151-201
2021-12-02 18:54:29 INFO Collected 200 identifiers in FANTASY genre in total
2021-12-02 18:54:31 INFO Collected 50 identifiers in genre FILM-NOIR, rank 1-51
2021-12-02 18:54:32 INFO Collected 50 identifiers in FILM-NOIR genre in total
2021-12-02 18:54:33 INFO Collected 50 identifiers in genre HISTORY, rank 1-51
2021-12-02 18:54:36 INFO Collected 50 identifiers in genre HISTORY, rank 51-101
2021-12-02 18:54:37 INFO Collected 100 identifiers in HISTORY genre in total
2021-12-02 18:54:39 INFO Collected 50 identifiers in genre HORROR, rank 1-51
2021-12-02 18:54:42 INFO Collected 50 identifiers in genre HORROR, rank 51-101
2021-12-02 18:54:45 INFO Collected 50 identifiers in genre HORROR, rank 101-151
2021-12-02 18:54:47 INFO Collected 50 identifiers in genre HORROR, rank 151-201
2021-12-02 18:54:50 INFO Collected 50 identifiers in genre HORROR, rank 201-251
2021-12-02 18:54:52 INFO Collected 50 identifiers in genre HORROR, rank 251-301
2021-12-02 18:54:55 INFO Collected 50 identifiers in genre HORROR, rank 301-351
2021-12-02 18:54:55 INFO Collected 350 identifiers in HORROR genre in total
2021-12-02 18:54:58 INFO Collected 50 identifiers in genre MUSIC, rank 1-51
2021-12-02 18:55:00 INFO Collected 50 identifiers in genre MUSIC, rank 51-101
2021-12-02 18:55:01 INFO Collected 100 identifiers in MUSIC genre in total
2021-12-02 18:55:03 INFO Collected 50 identifiers in genre MUSICAL, rank 1-51
2021-12-02 18:55:05 INFO Collected 50 identifiers in genre MUSICAL, rank 51-101
2021-12-02 18:55:08 INFO Collected 50 identifiers in genre MUSICAL, rank 101-151
2021-12-02 18:55:08 INFO Collected 150 identifiers in MUSICAL genre in total
2021-12-02 18:55:10 INFO Collected 50 identifiers in genre MYSTERY, rank 1-51
2021-12-02 18:55:13 INFO Collected 50 identifiers in genre MYSTERY, rank 51-101
2021-12-02 18:55:15 INFO Collected 50 identifiers in genre MYSTERY, rank 101-151
2021-12-02 18:55:18 INFO Collected 50 identifiers in genre MYSTERY, rank 151-201
2021-12-02 18:55:18 INFO Collected 200 identifiers in MYSTERY genre in total
2021-12-02 18:55:21 INFO Collected 50 identifiers in genre ROMANCE, rank 1-51
2021-12-02 18:55:24 INFO Collected 50 identifiers in genre ROMANCE, rank 51-101
2021-12-02 18:55:26 INFO Collected 50 identifiers in genre ROMANCE, rank 101-151
2021-12-02 18:55:29 INFO Collected 50 identifiers in genre ROMANCE, rank 151-201
2021-12-02 18:55:31 INFO Collected 50 identifiers in genre ROMANCE, rank 201-251
2021-12-02 18:55:34 INFO Collected 50 identifiers in genre ROMANCE, rank 251-301
2021-12-02 18:55:36 INFO Collected 50 identifiers in genre ROMANCE, rank 301-351
2021-12-02 18:55:38 INFO Collected 50 identifiers in genre ROMANCE, rank 351-401
2021-12-02 18:55:41 INFO Collected 50 identifiers in genre ROMANCE, rank 401-451
2021-12-02 18:55:44 INFO Collected 50 identifiers in genre ROMANCE, rank 451-501
2021-12-02 18:55:45 INFO Collected 500 identifiers in ROMANCE genre in total
2021-12-02 18:55:47 INFO Collected 50 identifiers in genre SCI-FI, rank 1-51
2021-12-02 18:55:50 INFO Collected 50 identifiers in genre SCI-FI, rank 51-101
2021-12-02 18:55:52 INFO Collected 50 identifiers in genre SCI-FI, rank 101-151
2021-12-02 18:55:54 INFO Collected 50 identifiers in genre SCI-FI, rank 151-201
2021-12-02 18:55:55 INFO Collected 200 identifiers in SCI-FI genre in total
2021-12-02 18:55:58 INFO Collected 50 identifiers in genre SPORT, rank 1-51
2021-12-02 18:55:58 INFO Collected 50 identifiers in SPORT genre in total
2021-12-02 18:56:01 INFO Collected 50 identifiers in genre THRILLER, rank 1-51
2021-12-02 18:56:03 INFO Collected 50 identifiers in genre THRILLER, rank 51-101
2021-12-02 18:56:06 INFO Collected 50 identifiers in genre THRILLER, rank 101-151
2021-12-02 18:56:08 INFO Collected 50 identifiers in genre THRILLER, rank 151-201
2021-12-02 18:56:10 INFO Collected 50 identifiers in genre THRILLER, rank 201-251
2021-12-02 18:56:13 INFO Collected 50 identifiers in genre THRILLER, rank 251-301
2021-12-02 18:56:15 INFO Collected 50 identifiers in genre THRILLER, rank 301-351
2021-12-02 18:56:17 INFO Collected 50 identifiers in genre THRILLER, rank 351-401
2021-12-02 18:56:19 INFO Collected 50 identifiers in genre THRILLER, rank 401-451
2021-12-02 18:56:22 INFO Collected 50 identifiers in genre THRILLER, rank 451-501
2021-12-02 18:56:23 INFO Collected 500 identifiers in THRILLER genre in total
2021-12-02 18:56:25 INFO Collected 50 identifiers in genre WAR, rank 1-51
2021-12-02 18:56:27 INFO Collected 50 identifiers in genre WAR, rank 51-101
2021-12-02 18:56:27 INFO Collected 100 identifiers in WAR genre in total
2021-12-02 18:56:30 INFO Collected 50 identifiers in genre WESTERN, rank 1-51
2021-12-02 18:56:32 INFO Collected 50 identifiers in genre WESTERN, rank 51-101
2021-12-02 18:56:33 INFO Collected 100 identifiers in WESTERN genre in total
