2022-06-05 00:53:37 INFO Successfully initialized IDCollector
2022-06-05 00:53:38 INFO Collected 50 new identifiers while parsing genre ACTION, rank 1-51
2022-06-05 00:53:40 INFO Collected 50 new identifiers while parsing genre ACTION, rank 51-101
2022-06-05 00:53:41 INFO Collected 50 new identifiers while parsing genre ACTION, rank 101-151
2022-06-05 00:53:43 INFO Collected 50 new identifiers while parsing genre ACTION, rank 151-201
2022-06-05 00:53:44 INFO Collected 50 new identifiers while parsing genre ACTION, rank 201-251
2022-06-05 00:53:46 INFO Collected 50 new identifiers while parsing genre ACTION, rank 251-301
2022-06-05 00:53:47 INFO Collected 50 new identifiers while parsing genre ACTION, rank 301-351
2022-06-05 00:53:49 INFO Collected 50 new identifiers while parsing genre ACTION, rank 351-401
2022-06-05 00:53:50 INFO Collected 50 new identifiers while parsing genre ACTION, rank 401-451
2022-06-05 00:53:52 INFO Collected 50 new identifiers while parsing genre ACTION, rank 451-501
2022-06-05 00:53:52 INFO Collected 500 new identifiers
2022-06-05 00:53:54 INFO Collected 50 new identifiers while parsing genre ADVENTURE, rank 1-51
2022-06-05 00:53:55 INFO Collected 50 new identifiers while parsing genre ADVENTURE, rank 51-101
2022-06-05 00:53:57 INFO Collected 50 new identifiers while parsing genre ADVENTURE, rank 101-151
2022-06-05 00:53:58 INFO Collected 50 new identifiers while parsing genre ADVENTURE, rank 151-201
2022-06-05 00:54:00 INFO Collected 50 new identifiers while parsing genre ADVENTURE, rank 201-251
2022-06-05 00:54:00 INFO Collected 78 new identifiers
2022-06-05 00:54:02 INFO Collected 50 new identifiers while parsing genre ANIMATION, rank 1-51
2022-06-05 00:54:03 INFO Collected 50 new identifiers while parsing genre ANIMATION, rank 51-101
2022-06-05 00:54:03 INFO Collected 53 new identifiers
2022-06-05 00:54:05 INFO Collected 50 new identifiers while parsing genre BIOGRAPHY, rank 1-51
2022-06-05 00:54:06 INFO Collected 50 new identifiers while parsing genre BIOGRAPHY, rank 51-101
2022-06-05 00:54:07 INFO Collected 88 new identifiers
2022-06-05 00:54:08 INFO Collected 50 new identifiers while parsing genre COMEDY, rank 1-51
2022-06-05 00:54:10 INFO Collected 50 new identifiers while parsing genre COMEDY, rank 51-101
2022-06-05 00:54:11 INFO Collected 50 new identifiers while parsing genre COMEDY, rank 101-151
2022-06-05 00:54:12 INFO Collected 50 new identifiers while parsing genre COMEDY, rank 151-201
2022-06-05 00:54:14 INFO Collected 50 new identifiers while parsing genre COMEDY, rank 201-251
2022-06-05 00:54:16 INFO Collected 50 new identifiers while parsing genre COMEDY, rank 251-301
2022-06-05 00:54:17 INFO Collected 50 new identifiers while parsing genre COMEDY, rank 301-351
2022-06-05 00:54:19 INFO Collected 50 new identifiers while parsing genre COMEDY, rank 351-401
2022-06-05 00:54:20 INFO Collected 50 new identifiers while parsing genre COMEDY, rank 401-451
2022-06-05 00:54:22 INFO Collected 50 new identifiers while parsing genre COMEDY, rank 451-501
2022-06-05 00:54:23 INFO Collected 50 new identifiers while parsing genre COMEDY, rank 501-551
2022-06-05 00:54:25 INFO Collected 50 new identifiers while parsing genre COMEDY, rank 551-601
2022-06-05 00:54:26 INFO Collected 50 new identifiers while parsing genre COMEDY, rank 601-651
2022-06-05 00:54:28 INFO Collected 50 new identifiers while parsing genre COMEDY, rank 651-701
2022-06-05 00:54:30 INFO Collected 50 new identifiers while parsing genre COMEDY, rank 701-751
2022-06-05 00:54:31 INFO Collected 50 new identifiers while parsing genre COMEDY, rank 751-801
2022-06-05 00:54:33 INFO Collected 50 new identifiers while parsing genre COMEDY, rank 801-851
2022-06-05 00:54:34 INFO Collected 50 new identifiers while parsing genre COMEDY, rank 851-901
2022-06-05 00:54:36 INFO Collected 50 new identifiers while parsing genre COMEDY, rank 901-951
2022-06-05 00:54:38 INFO Collected 50 new identifiers while parsing genre COMEDY, rank 951-1001
2022-06-05 00:54:38 INFO Collected 826 new identifiers
2022-06-05 00:54:39 INFO Collected 50 new identifiers while parsing genre CRIME, rank 1-51
2022-06-05 00:54:41 INFO Collected 50 new identifiers while parsing genre CRIME, rank 51-101
2022-06-05 00:54:42 INFO Collected 50 new identifiers while parsing genre CRIME, rank 101-151
2022-06-05 00:54:44 INFO Collected 50 new identifiers while parsing genre CRIME, rank 151-201
2022-06-05 00:54:45 INFO Collected 50 new identifiers while parsing genre CRIME, rank 201-251
2022-06-05 00:54:47 INFO Collected 50 new identifiers while parsing genre CRIME, rank 251-301
2022-06-05 00:54:48 INFO Collected 50 new identifiers while parsing genre CRIME, rank 301-351
2022-06-05 00:54:48 INFO Collected 164 new identifiers
2022-06-05 00:54:50 INFO Collected 50 new identifiers while parsing genre DRAMA, rank 1-51
2022-06-05 00:54:51 INFO Collected 50 new identifiers while parsing genre DRAMA, rank 51-101
2022-06-05 00:54:53 INFO Collected 50 new identifiers while parsing genre DRAMA, rank 101-151
2022-06-05 00:54:54 INFO Collected 50 new identifiers while parsing genre DRAMA, rank 151-201
2022-06-05 00:54:56 INFO Collected 50 new identifiers while parsing genre DRAMA, rank 201-251
2022-06-05 00:54:57 INFO Collected 50 new identifiers while parsing genre DRAMA, rank 251-301
2022-06-05 00:54:59 INFO Collected 50 new identifiers while parsing genre DRAMA, rank 301-351
2022-06-05 00:55:00 INFO Collected 50 new identifiers while parsing genre DRAMA, rank 351-401
2022-06-05 00:55:01 INFO Collected 50 new identifiers while parsing genre DRAMA, rank 401-451
2022-06-05 00:55:03 INFO Collected 50 new identifiers while parsing genre DRAMA, rank 451-501
2022-06-05 00:55:04 INFO Collected 50 new identifiers while parsing genre DRAMA, rank 501-551
2022-06-05 00:55:06 INFO Collected 50 new identifiers while parsing genre DRAMA, rank 551-601
2022-06-05 00:55:07 INFO Collected 50 new identifiers while parsing genre DRAMA, rank 601-651
2022-06-05 00:55:09 INFO Collected 50 new identifiers while parsing genre DRAMA, rank 651-701
2022-06-05 00:55:11 INFO Collected 50 new identifiers while parsing genre DRAMA, rank 701-751
2022-06-05 00:55:12 INFO Collected 50 new identifiers while parsing genre DRAMA, rank 751-801
2022-06-05 00:55:14 INFO Collected 50 new identifiers while parsing genre DRAMA, rank 801-851
2022-06-05 00:55:15 INFO Collected 50 new identifiers while parsing genre DRAMA, rank 851-901
2022-06-05 00:55:17 INFO Collected 50 new identifiers while parsing genre DRAMA, rank 901-951
2022-06-05 00:55:18 INFO Collected 50 new identifiers while parsing genre DRAMA, rank 951-1001
2022-06-05 00:55:20 INFO Collected 50 new identifiers while parsing genre DRAMA, rank 1001-1051
2022-06-05 00:55:21 INFO Collected 50 new identifiers while parsing genre DRAMA, rank 1051-1101
2022-06-05 00:55:23 INFO Collected 50 new identifiers while parsing genre DRAMA, rank 1101-1151
2022-06-05 00:55:25 INFO Collected 50 new identifiers while parsing genre DRAMA, rank 1151-1201
2022-06-05 00:55:26 INFO Collected 50 new identifiers while parsing genre DRAMA, rank 1201-1251
2022-06-05 00:55:28 INFO Collected 50 new identifiers while parsing genre DRAMA, rank 1251-1301
2022-06-05 00:55:29 INFO Collected 50 new identifiers while parsing genre DRAMA, rank 1301-1351
2022-06-05 00:55:31 INFO Collected 50 new identifiers while parsing genre DRAMA, rank 1351-1401
2022-06-05 00:55:32 INFO Collected 50 new identifiers while parsing genre DRAMA, rank 1401-1451
2022-06-05 00:55:34 INFO Collected 50 new identifiers while parsing genre DRAMA, rank 1451-1501
2022-06-05 00:55:36 INFO Collected 50 new identifiers while parsing genre DRAMA, rank 1501-1551
2022-06-05 00:55:37 INFO Collected 50 new identifiers while parsing genre DRAMA, rank 1551-1601
2022-06-05 00:55:39 INFO Collected 50 new identifiers while parsing genre DRAMA, rank 1601-1651
2022-06-05 00:55:41 INFO Collected 50 new identifiers while parsing genre DRAMA, rank 1651-1701
2022-06-05 00:55:43 INFO Collected 50 new identifiers while parsing genre DRAMA, rank 1701-1751
2022-06-05 00:55:45 INFO Collected 50 new identifiers while parsing genre DRAMA, rank 1751-1801
2022-06-05 00:55:46 INFO Collected 50 new identifiers while parsing genre DRAMA, rank 1801-1851
2022-06-05 00:55:48 INFO Collected 50 new identifiers while parsing genre DRAMA, rank 1851-1901
2022-06-05 00:55:50 INFO Collected 50 new identifiers while parsing genre DRAMA, rank 1901-1951
2022-06-05 00:55:52 INFO Collected 50 new identifiers while parsing genre DRAMA, rank 1951-2001
2022-06-05 00:55:53 INFO Collected 50 new identifiers while parsing genre DRAMA, rank 2001-2051
2022-06-05 00:58:23 INFO Collected 50 new identifiers while parsing genre DRAMA, rank 2051-2101
2022-06-05 00:58:24 INFO Collected 1423 new identifiers
2022-06-05 00:58:25 INFO Collected 50 new identifiers while parsing genre FAMILY, rank 1-51
2022-06-05 00:58:27 INFO Collected 50 new identifiers while parsing genre FAMILY, rank 51-101
2022-06-05 00:58:42 INFO Collected 50 new identifiers while parsing genre FAMILY, rank 101-151
2022-06-05 00:58:43 INFO Collected 50 new identifiers while parsing genre FAMILY, rank 151-201
2022-06-05 00:58:44 INFO Collected 17 new identifiers
2022-06-05 00:58:45 INFO Collected 50 new identifiers while parsing genre FANTASY, rank 1-51
2022-06-05 00:58:46 INFO Collected 50 new identifiers while parsing genre FANTASY, rank 51-101
2022-06-05 00:58:48 INFO Collected 50 new identifiers while parsing genre FANTASY, rank 101-151
2022-06-05 00:58:49 INFO Collected 50 new identifiers while parsing genre FANTASY, rank 151-201
2022-06-05 00:58:50 INFO Collected 4 new identifiers
2022-06-05 00:58:51 INFO Collected 50 new identifiers while parsing genre FILM-NOIR, rank 1-51
2022-06-05 00:58:51 INFO Collected 40 new identifiers
2022-06-05 00:58:53 INFO Collected 50 new identifiers while parsing genre HISTORY, rank 1-51
2022-06-05 00:58:54 INFO Collected 50 new identifiers while parsing genre HISTORY, rank 51-101
2022-06-05 00:58:55 INFO Collected 2 new identifiers
2022-06-05 00:58:56 INFO Collected 50 new identifiers while parsing genre HORROR, rank 1-51
2022-06-05 00:58:57 INFO Collected 50 new identifiers while parsing genre HORROR, rank 51-101
2022-06-05 00:58:59 INFO Collected 50 new identifiers while parsing genre HORROR, rank 101-151
2022-06-05 00:59:00 INFO Collected 50 new identifiers while parsing genre HORROR, rank 151-201
2022-06-05 00:59:02 INFO Collected 50 new identifiers while parsing genre HORROR, rank 201-251
2022-06-05 00:59:04 INFO Collected 50 new identifiers while parsing genre HORROR, rank 251-301
2022-06-05 00:59:05 INFO Collected 50 new identifiers while parsing genre HORROR, rank 301-351
2022-06-05 00:59:05 INFO Collected 199 new identifiers
2022-06-05 00:59:07 INFO Collected 50 new identifiers while parsing genre MUSIC, rank 1-51
2022-06-05 00:59:09 INFO Collected 50 new identifiers while parsing genre MUSIC, rank 51-101
2022-06-05 00:59:09 INFO Collected 7 new identifiers
2022-06-05 00:59:10 INFO Collected 50 new identifiers while parsing genre MUSICAL, rank 1-51
2022-06-05 00:59:12 INFO Collected 50 new identifiers while parsing genre MUSICAL, rank 51-101
2022-06-05 00:59:13 INFO Collected 50 new identifiers while parsing genre MUSICAL, rank 101-151
2022-06-05 00:59:13 INFO Collected 42 new identifiers
2022-06-05 00:59:15 INFO Collected 50 new identifiers while parsing genre MYSTERY, rank 1-51
2022-06-05 00:59:16 INFO Collected 50 new identifiers while parsing genre MYSTERY, rank 51-101
2022-06-05 00:59:18 INFO Collected 50 new identifiers while parsing genre MYSTERY, rank 101-151
2022-06-05 00:59:19 INFO Collected 50 new identifiers while parsing genre MYSTERY, rank 151-201
2022-06-05 00:59:19 INFO Collected 9 new identifiers
2022-06-05 00:59:21 INFO Collected 50 new identifiers while parsing genre ROMANCE, rank 1-51
2022-06-05 00:59:22 INFO Collected 50 new identifiers while parsing genre ROMANCE, rank 51-101
2022-06-05 00:59:24 INFO Collected 50 new identifiers while parsing genre ROMANCE, rank 101-151
2022-06-05 00:59:25 INFO Collected 50 new identifiers while parsing genre ROMANCE, rank 151-201
2022-06-05 00:59:27 INFO Collected 50 new identifiers while parsing genre ROMANCE, rank 201-251
2022-06-05 00:59:28 INFO Collected 50 new identifiers while parsing genre ROMANCE, rank 251-301
2022-06-05 00:59:30 INFO Collected 50 new identifiers while parsing genre ROMANCE, rank 301-351
2022-06-05 00:59:31 INFO Collected 50 new identifiers while parsing genre ROMANCE, rank 351-401
2022-06-05 00:59:33 INFO Collected 50 new identifiers while parsing genre ROMANCE, rank 401-451
2022-06-05 00:59:35 INFO Collected 50 new identifiers while parsing genre ROMANCE, rank 451-501
2022-06-05 00:59:35 INFO Collected 7 new identifiers
2022-06-05 00:59:36 INFO Collected 50 new identifiers while parsing genre SCI-FI, rank 1-51
2022-06-05 00:59:38 INFO Collected 50 new identifiers while parsing genre SCI-FI, rank 51-101
2022-06-05 00:59:39 INFO Collected 50 new identifiers while parsing genre SCI-FI, rank 101-151
2022-06-05 00:59:41 INFO Collected 50 new identifiers while parsing genre SCI-FI, rank 151-201
2022-06-05 00:59:41 INFO Collected 1 new identifiers
2022-06-05 00:59:42 INFO Collected 50 new identifiers while parsing genre SPORT, rank 1-51
2022-06-05 00:59:43 INFO Collected 0 new identifiers
2022-06-05 00:59:44 INFO Collected 50 new identifiers while parsing genre THRILLER, rank 1-51
2022-06-05 00:59:46 INFO Collected 50 new identifiers while parsing genre THRILLER, rank 51-101
2022-06-05 00:59:47 INFO Collected 50 new identifiers while parsing genre THRILLER, rank 101-151
2022-06-05 00:59:48 INFO Collected 50 new identifiers while parsing genre THRILLER, rank 151-201
2022-06-05 00:59:50 INFO Collected 50 new identifiers while parsing genre THRILLER, rank 201-251
2022-06-05 00:59:51 INFO Collected 50 new identifiers while parsing genre THRILLER, rank 251-301
2022-06-05 00:59:52 INFO Collected 50 new identifiers while parsing genre THRILLER, rank 301-351
2022-06-05 00:59:54 INFO Collected 50 new identifiers while parsing genre THRILLER, rank 351-401
2022-06-05 00:59:56 INFO Collected 50 new identifiers while parsing genre THRILLER, rank 401-451
2022-06-05 00:59:57 INFO Collected 50 new identifiers while parsing genre THRILLER, rank 451-501
2022-06-05 00:59:57 INFO Collected 15 new identifiers
2022-06-05 00:59:59 INFO Collected 50 new identifiers while parsing genre WAR, rank 1-51
2022-06-05 01:00:00 INFO Collected 50 new identifiers while parsing genre WAR, rank 51-101
2022-06-05 01:00:00 INFO Collected 1 new identifiers
2022-06-05 01:00:02 INFO Collected 50 new identifiers while parsing genre WESTERN, rank 1-51
2022-06-05 01:00:04 INFO Collected 50 new identifiers while parsing genre WESTERN, rank 51-101
2022-06-05 01:00:04 INFO Collected 37 new identifiers
