2021-09-08 11:30:31 INFO Collected 50 ID in genre DOCUMENTARY, rank 1-51
2021-09-08 11:30:33 INFO Collected 50 ID in genre DOCUMENTARY, rank 51-101
2021-09-08 11:30:35 INFO Collected 50 ID in genre DOCUMENTARY, rank 101-151
2021-09-08 11:30:37 INFO Collected 50 ID in genre DOCUMENTARY, rank 151-201
2021-09-08 11:30:39 INFO Collected 50 ID in genre DOCUMENTARY, rank 201-251
2021-09-08 11:30:42 INFO Collected 50 ID in genre DOCUMENTARY, rank 251-301
2021-09-08 11:30:44 INFO Collected 50 ID in genre DOCUMENTARY, rank 301-351
2021-09-08 11:30:46 INFO Collected 50 ID in genre DOCUMENTARY, rank 351-401
2021-09-08 11:30:48 INFO Collected 50 ID in genre DOCUMENTARY, rank 401-451
2021-09-08 11:30:51 INFO Collected 50 ID in genre DOCUMENTARY, rank 451-501
2021-09-08 11:30:53 INFO Collected 50 ID in genre DOCUMENTARY, rank 501-551
2021-09-08 11:30:55 INFO Collected 50 ID in genre DOCUMENTARY, rank 551-601
2021-09-08 11:30:58 INFO Collected 50 ID in genre DOCUMENTARY, rank 601-651
2021-09-08 11:31:00 INFO Collected 50 ID in genre DOCUMENTARY, rank 651-701
2021-09-08 11:31:02 INFO Collected 50 ID in genre DOCUMENTARY, rank 701-751
2021-09-08 11:31:05 INFO Collected 50 ID in genre DOCUMENTARY, rank 751-801
2021-09-08 11:31:08 INFO Collected 50 ID in genre DOCUMENTARY, rank 801-851
2021-09-08 11:31:10 INFO Collected 50 ID in genre DOCUMENTARY, rank 851-901
2021-09-08 11:31:12 INFO Collected 50 ID in genre DOCUMENTARY, rank 901-951
2021-09-08 11:31:15 INFO Collected 50 ID in genre DOCUMENTARY, rank 951-1001
2021-09-08 11:31:16 INFO Collected 1000 ID in DOCUMENTARY genre
2021-09-08 11:31:21 INFO Collected 50 ID in genre ACTION, rank 1-51
2021-09-08 11:31:23 INFO Collected 50 ID in genre ACTION, rank 51-101
2021-09-08 11:31:25 INFO Collected 50 ID in genre ACTION, rank 101-151
2021-09-08 11:31:26 INFO Collected 50 ID in genre ACTION, rank 151-201
2021-09-08 11:31:28 INFO Collected 50 ID in genre ACTION, rank 201-251
2021-09-08 11:31:30 INFO Collected 50 ID in genre ACTION, rank 251-301
2021-09-08 11:31:32 INFO Collected 50 ID in genre ACTION, rank 301-351
2021-09-08 11:31:33 INFO Collected 50 ID in genre ACTION, rank 351-401
2021-09-08 11:31:35 INFO Collected 50 ID in genre ACTION, rank 401-451
2021-09-08 11:31:37 INFO Collected 50 ID in genre ACTION, rank 451-501
2021-09-08 11:31:39 INFO Collected 50 ID in genre ACTION, rank 501-551
2021-09-08 11:31:41 INFO Collected 50 ID in genre ACTION, rank 551-601
2021-09-08 11:31:44 INFO Collected 50 ID in genre ACTION, rank 601-651
2021-09-08 11:31:46 INFO Collected 50 ID in genre ACTION, rank 651-701
2021-09-08 11:31:47 INFO Collected 50 ID in genre ACTION, rank 701-751
2021-09-08 11:31:49 INFO Collected 50 ID in genre ACTION, rank 751-801
2021-09-08 11:31:51 INFO Collected 50 ID in genre ACTION, rank 801-851
2021-09-08 11:31:53 INFO Collected 50 ID in genre ACTION, rank 851-901
2021-09-08 11:31:55 INFO Collected 50 ID in genre ACTION, rank 901-951
2021-09-08 11:31:57 INFO Collected 50 ID in genre ACTION, rank 951-1001
2021-09-08 11:31:58 INFO Collected 1000 ID in ACTION genre
2021-09-08 11:32:01 INFO Collected 50 ID in genre ADVENTURE, rank 1-51
2021-09-08 11:32:03 INFO Collected 50 ID in genre ADVENTURE, rank 51-101
2021-09-08 11:32:05 INFO Collected 50 ID in genre ADVENTURE, rank 101-151
2021-09-08 11:32:06 INFO Collected 50 ID in genre ADVENTURE, rank 151-201
2021-09-08 11:32:08 INFO Collected 50 ID in genre ADVENTURE, rank 201-251
2021-09-08 11:32:10 INFO Collected 50 ID in genre ADVENTURE, rank 251-301
2021-09-08 11:32:12 INFO Collected 50 ID in genre ADVENTURE, rank 301-351
2021-09-08 11:32:13 INFO Collected 50 ID in genre ADVENTURE, rank 351-401
2021-09-08 11:32:15 INFO Collected 50 ID in genre ADVENTURE, rank 401-451
2021-09-08 11:32:17 INFO Collected 50 ID in genre ADVENTURE, rank 451-501
2021-09-08 11:32:19 INFO Collected 50 ID in genre ADVENTURE, rank 501-551
2021-09-08 11:32:20 INFO Collected 50 ID in genre ADVENTURE, rank 551-601
2021-09-08 11:32:22 INFO Collected 50 ID in genre ADVENTURE, rank 601-651
2021-09-08 11:32:24 INFO Collected 50 ID in genre ADVENTURE, rank 651-701
2021-09-08 11:32:26 INFO Collected 50 ID in genre ADVENTURE, rank 701-751
2021-09-08 11:32:27 INFO Collected 50 ID in genre ADVENTURE, rank 751-801
2021-09-08 11:32:29 INFO Collected 50 ID in genre ADVENTURE, rank 801-851
2021-09-08 11:32:31 INFO Collected 50 ID in genre ADVENTURE, rank 851-901
2021-09-08 11:32:33 INFO Collected 50 ID in genre ADVENTURE, rank 901-951
2021-09-08 11:32:35 INFO Collected 50 ID in genre ADVENTURE, rank 951-1001
2021-09-08 11:32:36 INFO Collected 1000 ID in ADVENTURE genre
2021-09-08 11:32:41 INFO Collected 50 ID in genre ANIMATION, rank 1-51
2021-09-08 11:32:43 INFO Collected 50 ID in genre ANIMATION, rank 51-101
2021-09-08 11:32:44 INFO Collected 50 ID in genre ANIMATION, rank 101-151
2021-09-08 11:32:46 INFO Collected 50 ID in genre ANIMATION, rank 151-201
2021-09-08 11:32:48 INFO Collected 50 ID in genre ANIMATION, rank 201-251
2021-09-08 11:32:50 INFO Collected 50 ID in genre ANIMATION, rank 251-301
2021-09-08 11:32:51 INFO Collected 50 ID in genre ANIMATION, rank 301-351
2021-09-08 11:32:53 INFO Collected 50 ID in genre ANIMATION, rank 351-401
2021-09-08 11:32:55 INFO Collected 50 ID in genre ANIMATION, rank 401-451
2021-09-08 11:32:57 INFO Collected 50 ID in genre ANIMATION, rank 451-501
2021-09-08 11:32:59 INFO Collected 50 ID in genre ANIMATION, rank 501-551
2021-09-08 11:33:01 INFO Collected 50 ID in genre ANIMATION, rank 551-601
2021-09-08 11:33:03 INFO Collected 50 ID in genre ANIMATION, rank 601-651
2021-09-08 11:33:05 INFO Collected 50 ID in genre ANIMATION, rank 651-701
2021-09-08 11:33:08 INFO Collected 50 ID in genre ANIMATION, rank 701-751
2021-09-08 11:33:10 INFO Collected 50 ID in genre ANIMATION, rank 751-801
2021-09-08 11:33:12 INFO Collected 50 ID in genre ANIMATION, rank 801-851
2021-09-08 11:33:14 INFO Collected 50 ID in genre ANIMATION, rank 851-901
2021-09-08 11:33:15 INFO Collected 50 ID in genre ANIMATION, rank 901-951
2021-09-08 11:33:17 INFO Collected 50 ID in genre ANIMATION, rank 951-1001
2021-09-08 11:33:18 INFO Collected 1000 ID in ANIMATION genre
2021-09-08 11:33:23 INFO Collected 50 ID in genre BIOGRAPHY, rank 1-51
2021-09-08 11:33:25 INFO Collected 50 ID in genre BIOGRAPHY, rank 51-101
2021-09-08 11:33:26 INFO Collected 50 ID in genre BIOGRAPHY, rank 101-151
2021-09-08 11:33:28 INFO Collected 50 ID in genre BIOGRAPHY, rank 151-201
2021-09-08 11:33:30 INFO Collected 50 ID in genre BIOGRAPHY, rank 201-251
2021-09-08 11:33:31 INFO Collected 50 ID in genre BIOGRAPHY, rank 251-301
2021-09-08 11:33:33 INFO Collected 50 ID in genre BIOGRAPHY, rank 301-351
2021-09-08 11:33:35 INFO Collected 50 ID in genre BIOGRAPHY, rank 351-401
2021-09-08 11:33:37 INFO Collected 50 ID in genre BIOGRAPHY, rank 401-451
2021-09-08 11:33:39 INFO Collected 50 ID in genre BIOGRAPHY, rank 451-501
2021-09-08 11:33:40 INFO Collected 50 ID in genre BIOGRAPHY, rank 501-551
2021-09-08 11:33:42 INFO Collected 50 ID in genre BIOGRAPHY, rank 551-601
2021-09-08 11:33:44 INFO Collected 50 ID in genre BIOGRAPHY, rank 601-651
2021-09-08 11:33:46 INFO Collected 50 ID in genre BIOGRAPHY, rank 651-701
2021-09-08 11:33:48 INFO Collected 50 ID in genre BIOGRAPHY, rank 701-751
2021-09-08 11:33:50 INFO Collected 50 ID in genre BIOGRAPHY, rank 751-801
2021-09-08 11:33:52 INFO Collected 50 ID in genre BIOGRAPHY, rank 801-851
2021-09-08 11:33:54 INFO Collected 50 ID in genre BIOGRAPHY, rank 851-901
2021-09-08 11:33:56 INFO Collected 50 ID in genre BIOGRAPHY, rank 901-951
2021-09-08 11:33:58 INFO Collected 50 ID in genre BIOGRAPHY, rank 951-1001
2021-09-08 11:33:58 INFO Collected 1000 ID in BIOGRAPHY genre
2021-09-08 11:34:06 INFO Collected 50 ID in genre COMEDY, rank 1-51
2021-09-08 11:34:08 INFO Collected 50 ID in genre COMEDY, rank 51-101
2021-09-08 11:34:09 INFO Collected 50 ID in genre COMEDY, rank 101-151
2021-09-08 11:34:11 INFO Collected 50 ID in genre COMEDY, rank 151-201
2021-09-08 11:34:13 INFO Collected 50 ID in genre COMEDY, rank 201-251
2021-09-08 11:34:15 INFO Collected 50 ID in genre COMEDY, rank 251-301
2021-09-08 11:34:17 INFO Collected 50 ID in genre COMEDY, rank 301-351
2021-09-08 11:34:19 INFO Collected 50 ID in genre COMEDY, rank 351-401
2021-09-08 11:34:20 INFO Collected 50 ID in genre COMEDY, rank 401-451
2021-09-08 11:34:22 INFO Collected 50 ID in genre COMEDY, rank 451-501
2021-09-08 11:34:25 INFO Collected 50 ID in genre COMEDY, rank 501-551
2021-09-08 11:34:26 INFO Collected 50 ID in genre COMEDY, rank 551-601
2021-09-08 11:34:28 INFO Collected 50 ID in genre COMEDY, rank 601-651
2021-09-08 11:34:31 INFO Collected 50 ID in genre COMEDY, rank 651-701
2021-09-08 11:34:32 INFO Collected 50 ID in genre COMEDY, rank 701-751
2021-09-08 11:34:34 INFO Collected 50 ID in genre COMEDY, rank 751-801
2021-09-08 11:34:37 INFO Collected 50 ID in genre COMEDY, rank 801-851
2021-09-08 11:34:38 INFO Collected 50 ID in genre COMEDY, rank 851-901
2021-09-08 11:34:40 INFO Collected 50 ID in genre COMEDY, rank 901-951
2021-09-08 11:34:42 INFO Collected 50 ID in genre COMEDY, rank 951-1001
2021-09-08 11:34:43 INFO Collected 1000 ID in COMEDY genre
2021-09-08 11:34:48 INFO Collected 50 ID in genre CRIME, rank 1-51
2021-09-08 11:34:49 INFO Collected 50 ID in genre CRIME, rank 51-101
2021-09-08 11:34:51 INFO Collected 50 ID in genre CRIME, rank 101-151
2021-09-08 11:34:53 INFO Collected 50 ID in genre CRIME, rank 151-201
2021-09-08 11:34:55 INFO Collected 50 ID in genre CRIME, rank 201-251
2021-09-08 11:34:57 INFO Collected 50 ID in genre CRIME, rank 251-301
2021-09-08 11:34:59 INFO Collected 50 ID in genre CRIME, rank 301-351
2021-09-08 11:35:00 INFO Collected 50 ID in genre CRIME, rank 351-401
2021-09-08 11:35:02 INFO Collected 50 ID in genre CRIME, rank 401-451
2021-09-08 11:35:04 INFO Collected 50 ID in genre CRIME, rank 451-501
2021-09-08 11:35:05 INFO Collected 50 ID in genre CRIME, rank 501-551
2021-09-08 11:35:07 INFO Collected 50 ID in genre CRIME, rank 551-601
2021-09-08 11:35:09 INFO Collected 50 ID in genre CRIME, rank 601-651
2021-09-08 11:35:11 INFO Collected 50 ID in genre CRIME, rank 651-701
2021-09-08 11:35:14 INFO Collected 50 ID in genre CRIME, rank 701-751
2021-09-08 11:35:16 INFO Collected 50 ID in genre CRIME, rank 751-801
2021-09-08 11:35:17 INFO Collected 50 ID in genre CRIME, rank 801-851
2021-09-08 11:35:20 INFO Collected 50 ID in genre CRIME, rank 851-901
2021-09-08 11:35:21 INFO Collected 50 ID in genre CRIME, rank 901-951
2021-09-08 11:35:23 INFO Collected 50 ID in genre CRIME, rank 951-1001
2021-09-08 11:35:24 INFO Collected 1000 ID in CRIME genre
2021-09-08 11:35:29 INFO Collected 50 ID in genre DRAMA, rank 1-51
2021-09-08 11:35:31 INFO Collected 50 ID in genre DRAMA, rank 51-101
2021-09-08 11:35:33 INFO Collected 50 ID in genre DRAMA, rank 101-151
2021-09-08 11:35:34 INFO Collected 50 ID in genre DRAMA, rank 151-201
2021-09-08 11:35:36 INFO Collected 50 ID in genre DRAMA, rank 201-251
2021-09-08 11:35:39 INFO Collected 50 ID in genre DRAMA, rank 251-301
2021-09-08 11:35:41 INFO Collected 50 ID in genre DRAMA, rank 301-351
2021-09-08 11:35:43 INFO Collected 50 ID in genre DRAMA, rank 351-401
2021-09-08 11:35:45 INFO Collected 50 ID in genre DRAMA, rank 401-451
2021-09-08 11:35:47 INFO Collected 50 ID in genre DRAMA, rank 451-501
2021-09-08 11:35:49 INFO Collected 50 ID in genre DRAMA, rank 501-551
2021-09-08 11:35:51 INFO Collected 50 ID in genre DRAMA, rank 551-601
2021-09-08 11:35:53 INFO Collected 50 ID in genre DRAMA, rank 601-651
2021-09-08 11:35:55 INFO Collected 50 ID in genre DRAMA, rank 651-701
2021-09-08 11:35:56 INFO Collected 50 ID in genre DRAMA, rank 701-751
2021-09-08 11:35:58 INFO Collected 50 ID in genre DRAMA, rank 751-801
2021-09-08 11:36:00 INFO Collected 50 ID in genre DRAMA, rank 801-851
2021-09-08 11:36:02 INFO Collected 50 ID in genre DRAMA, rank 851-901
2021-09-08 11:36:04 INFO Collected 50 ID in genre DRAMA, rank 901-951
2021-09-08 11:36:06 INFO Collected 50 ID in genre DRAMA, rank 951-1001
2021-09-08 11:36:07 INFO Collected 1000 ID in DRAMA genre
2021-09-08 11:36:11 INFO Collected 50 ID in genre FAMILY, rank 1-51
2021-09-08 11:36:13 INFO Collected 50 ID in genre FAMILY, rank 51-101
2021-09-08 11:36:15 INFO Collected 50 ID in genre FAMILY, rank 101-151
2021-09-08 11:36:17 INFO Collected 50 ID in genre FAMILY, rank 151-201
2021-09-08 11:36:19 INFO Collected 50 ID in genre FAMILY, rank 201-251
2021-09-08 11:36:20 INFO Collected 50 ID in genre FAMILY, rank 251-301
2021-09-08 11:36:22 INFO Collected 50 ID in genre FAMILY, rank 301-351
2021-09-08 11:36:25 INFO Collected 50 ID in genre FAMILY, rank 351-401
2021-09-08 11:36:27 INFO Collected 50 ID in genre FAMILY, rank 401-451
2021-09-08 11:36:29 INFO Collected 50 ID in genre FAMILY, rank 451-501
2021-09-08 11:36:31 INFO Collected 50 ID in genre FAMILY, rank 501-551
2021-09-08 11:36:33 INFO Collected 50 ID in genre FAMILY, rank 551-601
2021-09-08 11:36:35 INFO Collected 50 ID in genre FAMILY, rank 601-651
2021-09-08 11:36:36 INFO Collected 50 ID in genre FAMILY, rank 651-701
2021-09-08 11:36:38 INFO Collected 50 ID in genre FAMILY, rank 701-751
2021-09-08 11:36:40 INFO Collected 50 ID in genre FAMILY, rank 751-801
2021-09-08 11:36:42 INFO Collected 50 ID in genre FAMILY, rank 801-851
2021-09-08 11:36:44 INFO Collected 50 ID in genre FAMILY, rank 851-901
2021-09-08 11:36:46 INFO Collected 50 ID in genre FAMILY, rank 901-951
2021-09-08 11:36:48 INFO Collected 50 ID in genre FAMILY, rank 951-1001
2021-09-08 11:36:49 INFO Collected 1000 ID in FAMILY genre
2021-09-08 11:36:54 INFO Collected 50 ID in genre FANTASY, rank 1-51
2021-09-08 11:36:55 INFO Collected 50 ID in genre FANTASY, rank 51-101
2021-09-08 11:36:57 INFO Collected 50 ID in genre FANTASY, rank 101-151
2021-09-08 11:37:00 INFO Collected 50 ID in genre FANTASY, rank 151-201
2021-09-08 11:37:02 INFO Collected 50 ID in genre FANTASY, rank 201-251
2021-09-08 11:37:03 INFO Collected 50 ID in genre FANTASY, rank 251-301
2021-09-08 11:37:05 INFO Collected 50 ID in genre FANTASY, rank 301-351
2021-09-08 11:37:07 INFO Collected 50 ID in genre FANTASY, rank 351-401
2021-09-08 11:37:09 INFO Collected 50 ID in genre FANTASY, rank 401-451
2021-09-08 11:37:11 INFO Collected 50 ID in genre FANTASY, rank 451-501
2021-09-08 11:37:12 INFO Collected 50 ID in genre FANTASY, rank 501-551
2021-09-08 11:37:15 INFO Collected 50 ID in genre FANTASY, rank 551-601
2021-09-08 11:37:17 INFO Collected 50 ID in genre FANTASY, rank 601-651
2021-09-08 11:37:20 INFO Collected 50 ID in genre FANTASY, rank 651-701
2021-09-08 11:37:22 INFO Collected 50 ID in genre FANTASY, rank 701-751
2021-09-08 11:37:24 INFO Collected 50 ID in genre FANTASY, rank 751-801
2021-09-08 11:37:26 INFO Collected 50 ID in genre FANTASY, rank 801-851
2021-09-08 11:37:27 INFO Collected 50 ID in genre FANTASY, rank 851-901
2021-09-08 11:37:29 INFO Collected 50 ID in genre FANTASY, rank 901-951
2021-09-08 11:37:31 INFO Collected 50 ID in genre FANTASY, rank 951-1001
2021-09-08 11:37:32 INFO Collected 1000 ID in FANTASY genre
2021-09-08 11:37:37 INFO Collected 50 ID in genre FILM_NOIR, rank 1-51
2021-09-08 11:37:39 INFO Collected 50 ID in genre FILM_NOIR, rank 51-101
2021-09-08 11:37:41 INFO Collected 50 ID in genre FILM_NOIR, rank 101-151
2021-09-08 11:37:43 INFO Collected 50 ID in genre FILM_NOIR, rank 151-201
2021-09-08 11:37:46 INFO Collected 50 ID in genre FILM_NOIR, rank 201-251
2021-09-08 11:37:48 INFO Collected 50 ID in genre FILM_NOIR, rank 251-301
2021-09-08 11:37:51 INFO Collected 50 ID in genre FILM_NOIR, rank 301-351
2021-09-08 11:37:53 INFO Collected 50 ID in genre FILM_NOIR, rank 351-401
2021-09-08 11:37:56 INFO Collected 50 ID in genre FILM_NOIR, rank 401-451
2021-09-08 11:37:59 INFO Collected 50 ID in genre FILM_NOIR, rank 451-501
2021-09-08 11:38:01 INFO Collected 50 ID in genre FILM_NOIR, rank 501-551
2021-09-08 11:38:04 INFO Collected 50 ID in genre FILM_NOIR, rank 551-601
2021-09-08 11:38:09 INFO Collected 50 ID in genre FILM_NOIR, rank 601-651
2021-09-08 11:38:11 INFO Collected 50 ID in genre FILM_NOIR, rank 651-701
2021-09-08 11:38:14 INFO Collected 50 ID in genre FILM_NOIR, rank 701-751
2021-09-08 11:38:18 INFO Collected 50 ID in genre FILM_NOIR, rank 751-801
2021-09-08 11:38:19 INFO Collected 20 ID in genre FILM_NOIR, rank 801-851
2021-09-08 11:38:20 INFO Collected 820 ID in FILM_NOIR genre
2021-09-08 11:38:24 INFO Collected 50 ID in genre HISTORY, rank 1-51
2021-09-08 11:38:26 INFO Collected 50 ID in genre HISTORY, rank 51-101
2021-09-08 11:38:29 INFO Collected 50 ID in genre HISTORY, rank 101-151
2021-09-08 11:38:30 INFO Collected 50 ID in genre HISTORY, rank 151-201
2021-09-08 11:38:32 INFO Collected 50 ID in genre HISTORY, rank 201-251
2021-09-08 11:38:34 INFO Collected 50 ID in genre HISTORY, rank 251-301
2021-09-08 11:38:36 INFO Collected 50 ID in genre HISTORY, rank 301-351
2021-09-08 11:38:38 INFO Collected 50 ID in genre HISTORY, rank 351-401
2021-09-08 11:38:40 INFO Collected 50 ID in genre HISTORY, rank 401-451
2021-09-08 11:38:42 INFO Collected 50 ID in genre HISTORY, rank 451-501
2021-09-08 11:38:45 INFO Collected 50 ID in genre HISTORY, rank 501-551
2021-09-08 11:38:47 INFO Collected 50 ID in genre HISTORY, rank 551-601
2021-09-08 11:38:49 INFO Collected 50 ID in genre HISTORY, rank 601-651
2021-09-08 11:38:51 INFO Collected 50 ID in genre HISTORY, rank 651-701
2021-09-08 11:38:53 INFO Collected 50 ID in genre HISTORY, rank 701-751
2021-09-08 11:38:55 INFO Collected 50 ID in genre HISTORY, rank 751-801
2021-09-08 11:38:58 INFO Collected 50 ID in genre HISTORY, rank 801-851
2021-09-08 11:39:00 INFO Collected 50 ID in genre HISTORY, rank 851-901
2021-09-08 11:39:03 INFO Collected 50 ID in genre HISTORY, rank 901-951
2021-09-08 11:39:05 INFO Collected 50 ID in genre HISTORY, rank 951-1001
2021-09-08 11:39:06 INFO Collected 1000 ID in HISTORY genre
2021-09-08 11:39:11 INFO Collected 50 ID in genre HORROR, rank 1-51
2021-09-08 11:39:13 INFO Collected 50 ID in genre HORROR, rank 51-101
2021-09-08 11:39:15 INFO Collected 50 ID in genre HORROR, rank 101-151
2021-09-08 11:39:16 INFO Collected 50 ID in genre HORROR, rank 151-201
2021-09-08 11:39:18 INFO Collected 50 ID in genre HORROR, rank 201-251
2021-09-08 11:39:20 INFO Collected 50 ID in genre HORROR, rank 251-301
2021-09-08 11:39:22 INFO Collected 50 ID in genre HORROR, rank 301-351
2021-09-08 11:39:24 INFO Collected 50 ID in genre HORROR, rank 351-401
2021-09-08 11:39:26 INFO Collected 50 ID in genre HORROR, rank 401-451
2021-09-08 11:39:27 INFO Collected 50 ID in genre HORROR, rank 451-501
2021-09-08 11:39:29 INFO Collected 50 ID in genre HORROR, rank 501-551
2021-09-08 11:39:31 INFO Collected 50 ID in genre HORROR, rank 551-601
2021-09-08 11:39:33 INFO Collected 50 ID in genre HORROR, rank 601-651
2021-09-08 11:39:35 INFO Collected 50 ID in genre HORROR, rank 651-701
2021-09-08 11:39:37 INFO Collected 50 ID in genre HORROR, rank 701-751
2021-09-08 11:39:39 INFO Collected 50 ID in genre HORROR, rank 751-801
2021-09-08 11:39:41 INFO Collected 50 ID in genre HORROR, rank 801-851
2021-09-08 11:39:42 INFO Collected 50 ID in genre HORROR, rank 851-901
2021-09-08 11:39:44 INFO Collected 50 ID in genre HORROR, rank 901-951
2021-09-08 11:39:46 INFO Collected 50 ID in genre HORROR, rank 951-1001
2021-09-08 11:39:47 INFO Collected 1000 ID in HORROR genre
2021-09-08 11:39:52 INFO Collected 50 ID in genre MUSIC, rank 1-51
2021-09-08 11:39:53 INFO Collected 50 ID in genre MUSIC, rank 51-101
2021-09-08 11:39:55 INFO Collected 50 ID in genre MUSIC, rank 101-151
2021-09-08 11:39:57 INFO Collected 50 ID in genre MUSIC, rank 151-201
2021-09-08 11:39:59 INFO Collected 50 ID in genre MUSIC, rank 201-251
2021-09-08 11:40:01 INFO Collected 50 ID in genre MUSIC, rank 251-301
2021-09-08 11:40:03 INFO Collected 50 ID in genre MUSIC, rank 301-351
2021-09-08 11:40:05 INFO Collected 50 ID in genre MUSIC, rank 351-401
2021-09-08 11:40:07 INFO Collected 50 ID in genre MUSIC, rank 401-451
2021-09-08 11:40:09 INFO Collected 50 ID in genre MUSIC, rank 451-501
2021-09-08 11:40:12 INFO Collected 50 ID in genre MUSIC, rank 501-551
2021-09-08 11:40:14 INFO Collected 50 ID in genre MUSIC, rank 551-601
2021-09-08 11:40:17 INFO Collected 50 ID in genre MUSIC, rank 601-651
2021-09-08 11:40:20 INFO Collected 50 ID in genre MUSIC, rank 651-701
2021-09-08 11:40:22 INFO Collected 50 ID in genre MUSIC, rank 701-751
2021-09-08 11:40:25 INFO Collected 50 ID in genre MUSIC, rank 751-801
2021-09-08 11:40:28 INFO Collected 50 ID in genre MUSIC, rank 801-851
2021-09-08 11:40:30 INFO Collected 50 ID in genre MUSIC, rank 851-901
2021-09-08 11:40:33 INFO Collected 50 ID in genre MUSIC, rank 901-951
2021-09-08 11:40:35 INFO Collected 50 ID in genre MUSIC, rank 951-1001
2021-09-08 11:40:36 INFO Collected 1000 ID in MUSIC genre
2021-09-08 11:40:41 INFO Collected 50 ID in genre MUSICAL, rank 1-51
2021-09-08 11:40:42 INFO Collected 50 ID in genre MUSICAL, rank 51-101
2021-09-08 11:40:44 INFO Collected 50 ID in genre MUSICAL, rank 101-151
2021-09-08 11:40:46 INFO Collected 50 ID in genre MUSICAL, rank 151-201
2021-09-08 11:40:49 INFO Collected 50 ID in genre MUSICAL, rank 201-251
2021-09-08 11:40:51 INFO Collected 50 ID in genre MUSICAL, rank 251-301
2021-09-08 11:40:53 INFO Collected 50 ID in genre MUSICAL, rank 301-351
2021-09-08 11:40:55 INFO Collected 50 ID in genre MUSICAL, rank 351-401
2021-09-08 11:40:57 INFO Collected 50 ID in genre MUSICAL, rank 401-451
2021-09-08 11:40:59 INFO Collected 50 ID in genre MUSICAL, rank 451-501
2021-09-08 11:41:01 INFO Collected 50 ID in genre MUSICAL, rank 501-551
2021-09-08 11:41:03 INFO Collected 50 ID in genre MUSICAL, rank 551-601
2021-09-08 11:41:06 INFO Collected 50 ID in genre MUSICAL, rank 601-651
2021-09-08 11:41:08 INFO Collected 50 ID in genre MUSICAL, rank 651-701
2021-09-08 11:41:11 INFO Collected 50 ID in genre MUSICAL, rank 701-751
2021-09-08 11:41:13 INFO Collected 50 ID in genre MUSICAL, rank 751-801
2021-09-08 11:41:16 INFO Collected 50 ID in genre MUSICAL, rank 801-851
2021-09-08 11:41:19 INFO Collected 50 ID in genre MUSICAL, rank 851-901
2021-09-08 11:41:22 INFO Collected 50 ID in genre MUSICAL, rank 901-951
2021-09-08 11:41:24 INFO Collected 50 ID in genre MUSICAL, rank 951-1001
2021-09-08 11:41:25 INFO Collected 1000 ID in MUSICAL genre
2021-09-08 11:41:30 INFO Collected 50 ID in genre MYSTERY, rank 1-51
2021-09-08 11:41:32 INFO Collected 50 ID in genre MYSTERY, rank 51-101
2021-09-08 11:41:33 INFO Collected 50 ID in genre MYSTERY, rank 101-151
2021-09-08 11:41:35 INFO Collected 50 ID in genre MYSTERY, rank 151-201
2021-09-08 11:41:37 INFO Collected 50 ID in genre MYSTERY, rank 201-251
2021-09-08 11:41:38 INFO Collected 50 ID in genre MYSTERY, rank 251-301
2021-09-08 11:41:40 INFO Collected 50 ID in genre MYSTERY, rank 301-351
2021-09-08 11:41:42 INFO Collected 50 ID in genre MYSTERY, rank 351-401
2021-09-08 11:41:44 INFO Collected 50 ID in genre MYSTERY, rank 401-451
2021-09-08 11:41:46 INFO Collected 50 ID in genre MYSTERY, rank 451-501
2021-09-08 11:41:48 INFO Collected 50 ID in genre MYSTERY, rank 501-551
2021-09-08 11:41:50 INFO Collected 50 ID in genre MYSTERY, rank 551-601
2021-09-08 11:41:52 INFO Collected 50 ID in genre MYSTERY, rank 601-651
2021-09-08 11:41:53 INFO Collected 50 ID in genre MYSTERY, rank 651-701
2021-09-08 11:41:55 INFO Collected 50 ID in genre MYSTERY, rank 701-751
2021-09-08 11:41:58 INFO Collected 50 ID in genre MYSTERY, rank 751-801
2021-09-08 11:41:59 INFO Collected 50 ID in genre MYSTERY, rank 801-851
2021-09-08 11:42:01 INFO Collected 50 ID in genre MYSTERY, rank 851-901
2021-09-08 11:42:03 INFO Collected 50 ID in genre MYSTERY, rank 901-951
2021-09-08 11:42:05 INFO Collected 50 ID in genre MYSTERY, rank 951-1001
2021-09-08 11:42:05 INFO Collected 1000 ID in MYSTERY genre
2021-09-08 11:42:09 INFO Collected 50 ID in genre ROMANCE, rank 1-51
2021-09-08 11:42:11 INFO Collected 50 ID in genre ROMANCE, rank 51-101
2021-09-08 11:42:13 INFO Collected 50 ID in genre ROMANCE, rank 101-151
2021-09-08 11:42:15 INFO Collected 50 ID in genre ROMANCE, rank 151-201
2021-09-08 11:42:17 INFO Collected 50 ID in genre ROMANCE, rank 201-251
2021-09-08 11:42:19 INFO Collected 50 ID in genre ROMANCE, rank 251-301
2021-09-08 11:42:21 INFO Collected 50 ID in genre ROMANCE, rank 301-351
2021-09-08 11:42:22 INFO Collected 50 ID in genre ROMANCE, rank 351-401
2021-09-08 11:42:24 INFO Collected 50 ID in genre ROMANCE, rank 401-451
2021-09-08 11:42:27 INFO Collected 50 ID in genre ROMANCE, rank 451-501
2021-09-08 11:42:28 INFO Collected 50 ID in genre ROMANCE, rank 501-551
2021-09-08 11:42:30 INFO Collected 50 ID in genre ROMANCE, rank 551-601
2021-09-08 11:42:32 INFO Collected 50 ID in genre ROMANCE, rank 601-651
2021-09-08 11:42:34 INFO Collected 50 ID in genre ROMANCE, rank 651-701
2021-09-08 11:42:36 INFO Collected 50 ID in genre ROMANCE, rank 701-751
2021-09-08 11:42:38 INFO Collected 50 ID in genre ROMANCE, rank 751-801
2021-09-08 11:42:40 INFO Collected 50 ID in genre ROMANCE, rank 801-851
2021-09-08 11:42:43 INFO Collected 50 ID in genre ROMANCE, rank 851-901
2021-09-08 11:42:45 INFO Collected 50 ID in genre ROMANCE, rank 901-951
2021-09-08 11:42:47 INFO Collected 50 ID in genre ROMANCE, rank 951-1001
2021-09-08 11:42:47 INFO Collected 1000 ID in ROMANCE genre
2021-09-08 11:42:52 INFO Collected 50 ID in genre SCI_FI, rank 1-51
2021-09-08 11:42:54 INFO Collected 50 ID in genre SCI_FI, rank 51-101
2021-09-08 11:42:56 INFO Collected 50 ID in genre SCI_FI, rank 101-151
2021-09-08 11:42:58 INFO Collected 50 ID in genre SCI_FI, rank 151-201
2021-09-08 11:42:59 INFO Collected 50 ID in genre SCI_FI, rank 201-251
2021-09-08 11:43:01 INFO Collected 50 ID in genre SCI_FI, rank 251-301
2021-09-08 11:43:03 INFO Collected 50 ID in genre SCI_FI, rank 301-351
2021-09-08 11:43:05 INFO Collected 50 ID in genre SCI_FI, rank 351-401
2021-09-08 11:43:07 INFO Collected 50 ID in genre SCI_FI, rank 401-451
2021-09-08 11:43:09 INFO Collected 50 ID in genre SCI_FI, rank 451-501
2021-09-08 11:43:11 INFO Collected 50 ID in genre SCI_FI, rank 501-551
2021-09-08 11:43:12 INFO Collected 50 ID in genre SCI_FI, rank 551-601
2021-09-08 11:43:14 INFO Collected 50 ID in genre SCI_FI, rank 601-651
2021-09-08 11:43:16 INFO Collected 50 ID in genre SCI_FI, rank 651-701
2021-09-08 11:43:18 INFO Collected 50 ID in genre SCI_FI, rank 701-751
2021-09-08 11:43:20 INFO Collected 50 ID in genre SCI_FI, rank 751-801
2021-09-08 11:43:22 INFO Collected 50 ID in genre SCI_FI, rank 801-851
2021-09-08 11:43:24 INFO Collected 50 ID in genre SCI_FI, rank 851-901
2021-09-08 11:43:26 INFO Collected 50 ID in genre SCI_FI, rank 901-951
2021-09-08 11:43:28 INFO Collected 50 ID in genre SCI_FI, rank 951-1001
2021-09-08 11:43:29 INFO Collected 1000 ID in SCI_FI genre
2021-09-08 11:43:35 INFO Collected 50 ID in genre SHORT, rank 1-51
2021-09-08 11:43:37 INFO Collected 50 ID in genre SHORT, rank 51-101
2021-09-08 11:43:39 INFO Collected 50 ID in genre SHORT, rank 101-151
2021-09-08 11:43:41 INFO Collected 50 ID in genre SHORT, rank 151-201
2021-09-08 11:43:44 INFO Collected 50 ID in genre SHORT, rank 201-251
2021-09-08 11:43:48 INFO Collected 50 ID in genre SHORT, rank 251-301
2021-09-08 11:43:51 INFO Collected 50 ID in genre SHORT, rank 301-351
2021-09-08 11:43:53 INFO Collected 50 ID in genre SHORT, rank 351-401
2021-09-08 11:43:57 INFO Collected 50 ID in genre SHORT, rank 401-451
2021-09-08 11:43:59 INFO Collected 50 ID in genre SHORT, rank 451-501
2021-09-08 11:44:02 INFO Collected 50 ID in genre SHORT, rank 501-551
2021-09-08 11:44:04 INFO Collected 50 ID in genre SHORT, rank 551-601
2021-09-08 11:44:07 INFO Collected 50 ID in genre SHORT, rank 601-651
2021-09-08 11:44:10 INFO Collected 50 ID in genre SHORT, rank 651-701
2021-09-08 11:44:13 INFO Collected 50 ID in genre SHORT, rank 701-751
2021-09-08 11:44:15 INFO Collected 50 ID in genre SHORT, rank 751-801
2021-09-08 11:44:18 INFO Collected 50 ID in genre SHORT, rank 801-851
2021-09-08 11:44:21 INFO Collected 50 ID in genre SHORT, rank 851-901
2021-09-08 11:44:24 INFO Collected 50 ID in genre SHORT, rank 901-951
2021-09-08 11:44:26 INFO Collected 50 ID in genre SHORT, rank 951-1001
2021-09-08 11:44:27 INFO Collected 1000 ID in SHORT genre
2021-09-08 11:44:31 INFO Collected 50 ID in genre SPORT, rank 1-51
2021-09-08 11:44:33 INFO Collected 50 ID in genre SPORT, rank 51-101
2021-09-08 11:44:35 INFO Collected 50 ID in genre SPORT, rank 101-151
2021-09-08 11:44:37 INFO Collected 50 ID in genre SPORT, rank 151-201
2021-09-08 11:44:39 INFO Collected 50 ID in genre SPORT, rank 201-251
2021-09-08 11:44:41 INFO Collected 50 ID in genre SPORT, rank 251-301
2021-09-08 11:44:43 INFO Collected 50 ID in genre SPORT, rank 301-351
2021-09-08 11:44:45 INFO Collected 50 ID in genre SPORT, rank 351-401
2021-09-08 11:44:47 INFO Collected 50 ID in genre SPORT, rank 401-451
2021-09-08 11:44:49 INFO Collected 50 ID in genre SPORT, rank 451-501
2021-09-08 11:44:51 INFO Collected 50 ID in genre SPORT, rank 501-551
2021-09-08 11:44:54 INFO Collected 50 ID in genre SPORT, rank 551-601
2021-09-08 11:44:56 INFO Collected 50 ID in genre SPORT, rank 601-651
2021-09-08 11:44:59 INFO Collected 50 ID in genre SPORT, rank 651-701
2021-09-08 11:45:01 INFO Collected 50 ID in genre SPORT, rank 701-751
2021-09-08 11:45:04 INFO Collected 50 ID in genre SPORT, rank 751-801
2021-09-08 11:45:07 INFO Collected 50 ID in genre SPORT, rank 801-851
2021-09-08 11:45:10 INFO Collected 50 ID in genre SPORT, rank 851-901
2021-09-08 11:45:12 INFO Collected 50 ID in genre SPORT, rank 901-951
2021-09-08 11:45:15 INFO Collected 50 ID in genre SPORT, rank 951-1001
2021-09-08 11:45:16 INFO Collected 1000 ID in SPORT genre
2021-09-08 11:45:20 INFO Collected 50 ID in genre THRILLER, rank 1-51
2021-09-08 11:45:22 INFO Collected 50 ID in genre THRILLER, rank 51-101
2021-09-08 11:45:23 INFO Collected 50 ID in genre THRILLER, rank 101-151
2021-09-08 11:45:25 INFO Collected 50 ID in genre THRILLER, rank 151-201
2021-09-08 11:45:27 INFO Collected 50 ID in genre THRILLER, rank 201-251
2021-09-08 11:45:29 INFO Collected 50 ID in genre THRILLER, rank 251-301
2021-09-08 11:45:30 INFO Collected 50 ID in genre THRILLER, rank 301-351
2021-09-08 11:45:32 INFO Collected 50 ID in genre THRILLER, rank 351-401
2021-09-08 11:45:34 INFO Collected 50 ID in genre THRILLER, rank 401-451
2021-09-08 11:45:36 INFO Collected 50 ID in genre THRILLER, rank 451-501
2021-09-08 11:45:38 INFO Collected 50 ID in genre THRILLER, rank 501-551
2021-09-08 11:45:40 INFO Collected 50 ID in genre THRILLER, rank 551-601
2021-09-08 11:45:42 INFO Collected 50 ID in genre THRILLER, rank 601-651
2021-09-08 11:45:44 INFO Collected 50 ID in genre THRILLER, rank 651-701
2021-09-08 11:45:46 INFO Collected 50 ID in genre THRILLER, rank 701-751
2021-09-08 11:45:48 INFO Collected 50 ID in genre THRILLER, rank 751-801
2021-09-08 11:45:50 INFO Collected 50 ID in genre THRILLER, rank 801-851
2021-09-08 11:45:52 INFO Collected 50 ID in genre THRILLER, rank 851-901
2021-09-08 11:45:53 INFO Collected 50 ID in genre THRILLER, rank 901-951
2021-09-08 11:45:55 INFO Collected 50 ID in genre THRILLER, rank 951-1001
2021-09-08 11:45:56 INFO Collected 1000 ID in THRILLER genre
2021-09-08 11:46:00 INFO Collected 50 ID in genre WAR, rank 1-51
2021-09-08 11:46:02 INFO Collected 50 ID in genre WAR, rank 51-101
2021-09-08 11:46:04 INFO Collected 50 ID in genre WAR, rank 101-151
2021-09-08 11:46:06 INFO Collected 50 ID in genre WAR, rank 151-201
2021-09-08 11:46:08 INFO Collected 50 ID in genre WAR, rank 201-251
2021-09-08 11:46:10 INFO Collected 50 ID in genre WAR, rank 251-301
2021-09-08 11:46:13 INFO Collected 50 ID in genre WAR, rank 301-351
2021-09-08 11:46:16 INFO Collected 50 ID in genre WAR, rank 351-401
2021-09-08 11:46:18 INFO Collected 50 ID in genre WAR, rank 401-451
2021-09-08 11:46:20 INFO Collected 50 ID in genre WAR, rank 451-501
2021-09-08 11:46:23 INFO Collected 50 ID in genre WAR, rank 501-551
2021-09-08 11:46:25 INFO Collected 50 ID in genre WAR, rank 551-601
2021-09-08 11:46:28 INFO Collected 50 ID in genre WAR, rank 601-651
2021-09-08 11:46:30 INFO Collected 50 ID in genre WAR, rank 651-701
2021-09-08 11:46:34 INFO Collected 50 ID in genre WAR, rank 701-751
2021-09-08 11:46:37 INFO Collected 50 ID in genre WAR, rank 751-801
2021-09-08 11:46:39 INFO Collected 50 ID in genre WAR, rank 801-851
2021-09-08 11:46:41 INFO Collected 50 ID in genre WAR, rank 851-901
2021-09-08 11:46:44 INFO Collected 50 ID in genre WAR, rank 901-951
2021-09-08 11:46:46 INFO Collected 50 ID in genre WAR, rank 951-1001
2021-09-08 11:46:47 INFO Collected 1000 ID in WAR genre
2021-09-08 11:46:51 INFO Collected 50 ID in genre WESTERN, rank 1-51
2021-09-08 11:46:53 INFO Collected 50 ID in genre WESTERN, rank 51-101
2021-09-08 11:46:56 INFO Collected 50 ID in genre WESTERN, rank 101-151
2021-09-08 11:46:58 INFO Collected 50 ID in genre WESTERN, rank 151-201
2021-09-08 11:47:00 INFO Collected 50 ID in genre WESTERN, rank 201-251
2021-09-08 11:47:02 INFO Collected 50 ID in genre WESTERN, rank 251-301
2021-09-08 11:47:04 INFO Collected 50 ID in genre WESTERN, rank 301-351
2021-09-08 11:47:07 INFO Collected 50 ID in genre WESTERN, rank 351-401
2021-09-08 11:47:09 INFO Collected 50 ID in genre WESTERN, rank 401-451
2021-09-08 11:47:12 INFO Collected 50 ID in genre WESTERN, rank 451-501
2021-09-08 11:47:16 INFO Collected 50 ID in genre WESTERN, rank 501-551
2021-09-08 11:47:19 INFO Collected 50 ID in genre WESTERN, rank 551-601
2021-09-08 11:47:23 INFO Collected 50 ID in genre WESTERN, rank 601-651
2021-09-08 11:47:25 INFO Collected 50 ID in genre WESTERN, rank 651-701
2021-09-08 11:47:27 INFO Collected 50 ID in genre WESTERN, rank 701-751
2021-09-08 11:47:30 INFO Collected 50 ID in genre WESTERN, rank 751-801
2021-09-08 11:47:33 INFO Collected 50 ID in genre WESTERN, rank 801-851
2021-09-08 11:47:36 INFO Collected 50 ID in genre WESTERN, rank 851-901
2021-09-08 11:47:39 INFO Collected 50 ID in genre WESTERN, rank 901-951
2021-09-08 11:47:43 INFO Collected 50 ID in genre WESTERN, rank 951-1001
2021-09-08 11:47:44 INFO Collected 1000 ID in WESTERN genre
